
Documents/apps/desktopie via üê¶ v6.2 
‚ùØ swift build -c release
Building for production...
/Users/radix/Documents/apps/desktopie/Sources/DesktopieApp.swift:74:35: error: value of type 'SystemMonitor' has no member 'getMemoryUsage'
72 | 
73 |         let cpuUsage = monitor.getCPUUsage()
74 |         let memoryUsage = monitor.getMemoryUsage()
   |                                   `- error: value of type 'SystemMonitor' has no member 'getMemoryUsage'
75 | 
76 |         let config = configManager?.config ?? Config.default

/Users/radix/Documents/apps/desktopie/Sources/SystemMonitor.swift:75:33: error: cannot convert value of type 'integer_t' (aka 'Int32') to expected argument type 'UInt32'
 73 |         for i in 0..<Int(numCPUs) {
 74 |             let offset = Int(CPU_STATE_MAX) * i
 75 |             totalUser += cpuInfo[offset + Int(CPU_STATE_USER)]
    |                                 `- error: cannot convert value of type 'integer_t' (aka 'Int32') to expected argument type 'UInt32'
 76 |             totalSystem += cpuInfo[offset + Int(CPU_STATE_SYSTEM)]
 77 |             totalIdle += cpuInfo[offset + Int(CPU_STATE_IDLE)]

/Users/radix/Documents/apps/desktopie/Sources/SystemMonitor.swift:76:35: error: cannot convert value of type 'integer_t' (aka 'Int32') to expected argument type 'UInt32'
 74 |             let offset = Int(CPU_STATE_MAX) * i
 75 |             totalUser += cpuInfo[offset + Int(CPU_STATE_USER)]
 76 |             totalSystem += cpuInfo[offset + Int(CPU_STATE_SYSTEM)]
    |                                   `- error: cannot convert value of type 'integer_t' (aka 'Int32') to expected argument type 'UInt32'
 77 |             totalIdle += cpuInfo[offset + Int(CPU_STATE_IDLE)]
 78 |             totalNice += cpuInfo[offset + Int(CPU_STATE_NICE)]

/Users/radix/Documents/apps/desktopie/Sources/SystemMonitor.swift:77:33: error: cannot convert value of type 'integer_t' (aka 'Int32') to expected argument type 'UInt32'
 75 |             totalUser += cpuInfo[offset + Int(CPU_STATE_USER)]
 76 |             totalSystem += cpuInfo[offset + Int(CPU_STATE_SYSTEM)]
 77 |             totalIdle += cpuInfo[offset + Int(CPU_STATE_IDLE)]
    |                                 `- error: cannot convert value of type 'integer_t' (aka 'Int32') to expected argument type 'UInt32'
 78 |             totalNice += cpuInfo[offset + Int(CPU_STATE_NICE)]
 79 |         }

/Users/radix/Documents/apps/desktopie/Sources/SystemMonitor.swift:78:33: error: cannot convert value of type 'integer_t' (aka 'Int32') to expected argument type 'UInt32'
 76 |             totalSystem += cpuInfo[offset + Int(CPU_STATE_SYSTEM)]
 77 |             totalIdle += cpuInfo[offset + Int(CPU_STATE_IDLE)]
 78 |             totalNice += cpuInfo[offset + Int(CPU_STATE_NICE)]
    |                                 `- error: cannot convert value of type 'integer_t' (aka 'Int32') to expected argument type 'UInt32'
 79 |         }
 80 | 

/Users/radix/Documents/apps/desktopie/Sources/WindowManager.swift:63:39: error: cannot find 'controlKey' in scope
 61 | 
 62 |         if modifiers.contains(.control) {
 63 |             carbonModifiers |= UInt32(controlKey)
    |                                       `- error: cannot find 'controlKey' in scope
 64 |         }
 65 |         if modifiers.contains(.option) {

/Users/radix/Documents/apps/desktopie/Sources/WindowManager.swift:66:39: error: cannot find 'optionKey' in scope
 64 |         }
 65 |         if modifiers.contains(.option) {
 66 |             carbonModifiers |= UInt32(optionKey)
    |                                       `- error: cannot find 'optionKey' in scope
 67 |         }
 68 |         if modifiers.contains(.command) {

/Users/radix/Documents/apps/desktopie/Sources/WindowManager.swift:69:39: error: cannot find 'cmdKey' in scope
 67 |         }
 68 |         if modifiers.contains(.command) {
 69 |             carbonModifiers |= UInt32(cmdKey)
    |                                       `- error: cannot find 'cmdKey' in scope
 70 |         }
 71 |         if modifiers.contains(.shift) {

/Users/radix/Documents/apps/desktopie/Sources/WindowManager.swift:72:39: error: cannot find 'shiftKey' in scope
 70 |         }
 71 |         if modifiers.contains(.shift) {
 72 |             carbonModifiers |= UInt32(shiftKey)
    |                                       `- error: cannot find 'shiftKey' in scope
 73 |         }
 74 | 

/Users/radix/Documents/apps/desktopie/Sources/WindowManager.swift:80:46: error: cannot find type 'EventHotKeyRef' in scope
 78 |         hotkeyHandlers[hotkeyId] = handler
 79 | 
 80 |         let hotKeyRef = UnsafeMutablePointer<EventHotKeyRef?>.allocate(capacity: 1)
    |                                              `- error: cannot find type 'EventHotKeyRef' in scope
 81 |         let hotKeyID = EventHotKeyID(signature: OSType(hotkeyId), id: hotkeyId)
 82 | 

/Users/radix/Documents/apps/desktopie/Sources/WindowManager.swift:81:24: error: cannot find 'EventHotKeyID' in scope
 79 | 
 80 |         let hotKeyRef = UnsafeMutablePointer<EventHotKeyRef?>.allocate(capacity: 1)
 81 |         let hotKeyID = EventHotKeyID(signature: OSType(hotkeyId), id: hotkeyId)
    |                        `- error: cannot find 'EventHotKeyID' in scope
 82 | 
 83 |         RegisterEventHotKey(

/Users/radix/Documents/apps/desktopie/Sources/WindowManager.swift:83:9: error: cannot find 'RegisterEventHotKey' in scope
 81 |         let hotKeyID = EventHotKeyID(signature: OSType(hotkeyId), id: hotkeyId)
 82 | 
 83 |         RegisterEventHotKey(
    |         `- error: cannot find 'RegisterEventHotKey' in scope
 84 |             keyCode,
 85 |             carbonModifiers,

/Users/radix/Documents/apps/desktopie/Sources/WindowManager.swift:87:13: error: cannot find 'GetApplicationEventTarget' in scope
 85 |             carbonModifiers,
 86 |             hotKeyID,
 87 |             GetApplicationEventTarget(),
    |             `- error: cannot find 'GetApplicationEventTarget' in scope
 88 |             0,
 89 |             hotKeyRef

/Users/radix/Documents/apps/desktopie/Sources/WindowManager.swift:93:25: error: cannot find 'EventTypeSpec' in scope
 91 | 
 92 |         // Install event handler
 93 |         var eventType = EventTypeSpec(eventClass: OSType(kEventClassKeyboard), eventKind: UInt32(kEventHotKeyPressed))
    |                         `- error: cannot find 'EventTypeSpec' in scope
 94 |         InstallEventHandler(
 95 |             GetApplicationEventTarget(),

/Users/radix/Documents/apps/desktopie/Sources/WindowManager.swift:93:58: error: cannot find 'kEventClassKeyboard' in scope
 91 | 
 92 |         // Install event handler
 93 |         var eventType = EventTypeSpec(eventClass: OSType(kEventClassKeyboard), eventKind: UInt32(kEventHotKeyPressed))
    |                                                          `- error: cannot find 'kEventClassKeyboard' in scope
 94 |         InstallEventHandler(
 95 |             GetApplicationEventTarget(),

/Users/radix/Documents/apps/desktopie/Sources/WindowManager.swift:93:98: error: cannot find 'kEventHotKeyPressed' in scope
 91 | 
 92 |         // Install event handler
 93 |         var eventType = EventTypeSpec(eventClass: OSType(kEventClassKeyboard), eventKind: UInt32(kEventHotKeyPressed))
    |                                                                                                  `- error: cannot find 'kEventHotKeyPressed' in scope
 94 |         InstallEventHandler(
 95 |             GetApplicationEventTarget(),

/Users/radix/Documents/apps/desktopie/Sources/WindowManager.swift:94:9: error: cannot find 'InstallEventHandler' in scope
 92 |         // Install event handler
 93 |         var eventType = EventTypeSpec(eventClass: OSType(kEventClassKeyboard), eventKind: UInt32(kEventHotKeyPressed))
 94 |         InstallEventHandler(
    |         `- error: cannot find 'InstallEventHandler' in scope
 95 |             GetApplicationEventTarget(),
 96 |             { (nextHandler, theEvent, userData) -> OSStatus in

/Users/radix/Documents/apps/desktopie/Sources/WindowManager.swift:95:13: error: cannot find 'GetApplicationEventTarget' in scope
 93 |         var eventType = EventTypeSpec(eventClass: OSType(kEventClassKeyboard), eventKind: UInt32(kEventHotKeyPressed))
 94 |         InstallEventHandler(
 95 |             GetApplicationEventTarget(),
    |             `- error: cannot find 'GetApplicationEventTarget' in scope
 96 |             { (nextHandler, theEvent, userData) -> OSStatus in
 97 |                 var hotKeyID = EventHotKeyID()

/Users/radix/Documents/apps/desktopie/Sources/WindowManager.swift:97:32: error: cannot find 'EventHotKeyID' in scope
 95 |             GetApplicationEventTarget(),
 96 |             { (nextHandler, theEvent, userData) -> OSStatus in
 97 |                 var hotKeyID = EventHotKeyID()
    |                                `- error: cannot find 'EventHotKeyID' in scope
 98 |                 GetEventParameter(
 99 |                     theEvent,

/Users/radix/Documents/apps/desktopie/Sources/WindowManager.swift:98:17: error: cannot find 'GetEventParameter' in scope
 96 |             { (nextHandler, theEvent, userData) -> OSStatus in
 97 |                 var hotKeyID = EventHotKeyID()
 98 |                 GetEventParameter(
    |                 `- error: cannot find 'GetEventParameter' in scope
 99 |                     theEvent,
100 |                     EventParamName(kEventParamDirectObject),

/Users/radix/Documents/apps/desktopie/Sources/WindowManager.swift:100:21: error: cannot find 'EventParamName' in scope
 98 |                 GetEventParameter(
 99 |                     theEvent,
100 |                     EventParamName(kEventParamDirectObject),
    |                     `- error: cannot find 'EventParamName' in scope
101 |                     EventParamType(typeEventHotKeyID),
102 |                     nil,

/Users/radix/Documents/apps/desktopie/Sources/WindowManager.swift:100:36: error: cannot find 'kEventParamDirectObject' in scope
 98 |                 GetEventParameter(
 99 |                     theEvent,
100 |                     EventParamName(kEventParamDirectObject),
    |                                    `- error: cannot find 'kEventParamDirectObject' in scope
101 |                     EventParamType(typeEventHotKeyID),
102 |                     nil,

/Users/radix/Documents/apps/desktopie/Sources/WindowManager.swift:101:21: error: cannot find 'EventParamType' in scope
 99 |                     theEvent,
100 |                     EventParamName(kEventParamDirectObject),
101 |                     EventParamType(typeEventHotKeyID),
    |                     `- error: cannot find 'EventParamType' in scope
102 |                     nil,
103 |                     MemoryLayout<EventHotKeyID>.size,

/Users/radix/Documents/apps/desktopie/Sources/WindowManager.swift:101:36: error: cannot find 'typeEventHotKeyID' in scope
 99 |                     theEvent,
100 |                     EventParamName(kEventParamDirectObject),
101 |                     EventParamType(typeEventHotKeyID),
    |                                    `- error: cannot find 'typeEventHotKeyID' in scope
102 |                     nil,
103 |                     MemoryLayout<EventHotKeyID>.size,

/Users/radix/Documents/apps/desktopie/Sources/WindowManager.swift:103:34: error: cannot find type 'EventHotKeyID' in scope
101 |                     EventParamType(typeEventHotKeyID),
102 |                     nil,
103 |                     MemoryLayout<EventHotKeyID>.size,
    |                                  `- error: cannot find type 'EventHotKeyID' in scope
104 |                     nil,
105 |                     &hotKeyID

/Users/radix/Documents/apps/desktopie/Sources/WindowManager.swift:117:13: error: 'nil' requires a contextual type
115 |             &eventType,
116 |             UnsafeMutableRawPointer(Unmanaged.passUnretained(self).toOpaque()),
117 |             nil
    |             `- error: 'nil' requires a contextual type
118 |         )
119 |     }


Documents/apps/desktopie via üê¶ v6.2 took 4s 
‚ùØ 